Arguments: 
  /data/data/com.termux/files/usr/bin/node /data/data/com.termux/files/usr/share/yarn/bin/yarn.js add @minecraft/server-beta-1.9.0-beta @minecraft/server-ui-1.2.0-beta

PATH: 
  /data/data/com.termux/files/usr/bin

Yarn version: 
  1.22.19

Node version: 
  18.16.1

Platform: 
  android arm64

Trace: 
  Error: https://registry.yarnpkg.com/@minecraft%2fserver-beta-1.9.0-beta: Not found
      at params.callback [as _callback] (/data/data/com.termux/files/usr/share/yarn/lib/cli.js:66145:18)
      at self.callback (/data/data/com.termux/files/usr/share/yarn/lib/cli.js:140890:22)
      at Request.emit (node:events:513:28)
      at Request.<anonymous> (/data/data/com.termux/files/usr/share/yarn/lib/cli.js:141862:10)
      at Request.emit (node:events:513:28)
      at IncomingMessage.<anonymous> (/data/data/com.termux/files/usr/share/yarn/lib/cli.js:141784:12)
      at Object.onceWrapper (node:events:627:28)
      at IncomingMessage.emit (node:events:525:35)
      at endReadableNT (node:internal/streams/readable:1359:12)
      at process.processTicksAndRejections (node:internal/process/task_queues:82:21)

npm manifest: 
  {
    "dependencies": {
      "@minecraft/server": "^1.8.0",
      "@minecraft/server-ui": "^1.1.0"
    }
  }

yarn manifest: 
  No manifest

Lockfile: 
  # THIS IS AN AUTOGENERATED FILE. DO NOT EDIT THIS FILE DIRECTLY.
  # yarn lockfile v1
  
  
  "@minecraft/common@^1.1.0":
    version "1.1.0"
    resolved "https://registry.yarnpkg.com/@minecraft/common/-/common-1.1.0.tgz#5b648a58f5302fb0cb49a3095632b2748082c9a4"
    integrity sha512-stbUtINCXbcLNRlGNVX68xRC6ZYq3k3CYmfptwrCcPBEUjVOpVkSj3H4Y0qiSYB+1rVWv7DgiP7Uf9++50Ne5g==
  
  "@minecraft/server-ui@^1.1.0":
    version "1.1.0"
    resolved "https://registry.yarnpkg.com/@minecraft/server-ui/-/server-ui-1.1.0.tgz#d8197d6dff079ba0abdbf264e4f9f2aaca9f9ed6"
    integrity sha512-Gnf+GHjjT4VFoXEt7qjrfDRipDgc93YcXbgTmdPTQ5Og3DIRD003ahH97tGMZmeNdsB+ymvAquf+o2o9W2pDjw==
    dependencies:
      "@minecraft/server" "^1.2.0"
  
  "@minecraft/server@^1.2.0", "@minecraft/server@^1.8.0":
    version "1.8.0"
    resolved "https://registry.yarnpkg.com/@minecraft/server/-/server-1.8.0.tgz#9f767afa76ebb328970ac9718894fa61fee11e01"
    integrity sha512-YqH8eowsC2eAaJ/EXgUC+zfyo+iWa0jTCuLC/2zEpObg6nCJRjy0NIhIZqzxspbUOgf+qakNjNZIhLMwL+a6Fg==
    dependencies:
      "@minecraft/common" "^1.1.0"
